################################################################################START STEP3.PHP:  18-10-2019 16:23:12
END STEP3.PHP:  18-10-2019 16:23:16
18-10-2019 16:23:16
START STEP4.PHP:  18-10-2019 16:23:16
END STEP4.PHP:  18-10-2019 16:23:16
18-10-2019 16:23:16
START STEP4_4.PHP:  18-10-2019 16:23:16
END STEP4_4.PHP:  18-10-2019 16:23:16
18-10-2019 16:23:16
START STEP5_5.PHP:  18-10-2019 16:23:16
END STEP5_5.PHP:  18-10-2019 16:23:16
18-10-2019 16:23:16
START STEP5.PHP:  18-10-2019 16:23:16
END STEP5.PHP:  18-10-2019 16:23:16
################################################################################START STEP3.PHP:  18-10-2019 16:35:51
END STEP3.PHP:  18-10-2019 16:35:55
18-10-2019 16:35:55
START STEP4.PHP:  18-10-2019 16:35:55
END STEP4.PHP:  18-10-2019 16:35:55
18-10-2019 16:35:55
START STEP4_4.PHP:  18-10-2019 16:35:55
END STEP4_4.PHP:  18-10-2019 16:35:55
18-10-2019 16:35:55
START STEP5_5.PHP:  18-10-2019 16:35:55
END STEP5_5.PHP:  18-10-2019 16:35:55
18-10-2019 16:35:55
START STEP5.PHP:  18-10-2019 16:35:55
END STEP5.PHP:  18-10-2019 16:35:55
################################################################################START STEP3.PHP:  18-10-2019 16:58:36
END STEP3.PHP:  18-10-2019 16:58:41
18-10-2019 16:58:41
START STEP4.PHP:  18-10-2019 16:58:41
END STEP4.PHP:  18-10-2019 16:58:41
18-10-2019 16:58:41
START STEP4_4.PHP:  18-10-2019 16:58:41
END STEP4_4.PHP:  18-10-2019 16:58:41
18-10-2019 16:58:41
START STEP5_5.PHP:  18-10-2019 16:58:41
END STEP5_5.PHP:  18-10-2019 16:58:41
18-10-2019 16:58:41
START STEP5.PHP:  18-10-2019 16:58:41
END STEP5.PHP:  18-10-2019 16:58:41
################################################################################START STEP3.PHP:  18-10-2019 17:11:56
END STEP3.PHP:  18-10-2019 17:12:00
18-10-2019 17:12:00
START STEP4.PHP:  18-10-2019 17:12:00
END STEP4.PHP:  18-10-2019 17:12:00
18-10-2019 17:12:00
START STEP4_4.PHP:  18-10-2019 17:12:00
END STEP4_4.PHP:  18-10-2019 17:12:00
18-10-2019 17:12:00
START STEP5_5.PHP:  18-10-2019 17:12:00
END STEP5_5.PHP:  18-10-2019 17:12:00
18-10-2019 17:12:00
START STEP5.PHP:  18-10-2019 17:12:00
END STEP5.PHP:  18-10-2019 17:12:00
################################################################################START STEP1.PHP:  19-10-2019 2:00:01
END STEP1.PHP:  19-10-2019 2:00:08
19-10-2019 2:00:08
START STEP2.PHP:  19-10-2019 2:00:08
END STEP2.PHP:  19-10-2019 2:00:08
################################################################################START STEP3.PHP:  19-10-2019 3:00:01
END STEP3.PHP:  19-10-2019 3:00:07
19-10-2019 3:00:07
START STEP4.PHP:  19-10-2019 3:00:07
END STEP4.PHP:  19-10-2019 3:00:07
19-10-2019 3:00:07
START STEP4_4.PHP:  19-10-2019 3:00:07
END STEP4_4.PHP:  19-10-2019 3:00:07
19-10-2019 3:00:07
START STEP5_5.PHP:  19-10-2019 3:00:07
END STEP5_5.PHP:  19-10-2019 3:00:07
19-10-2019 3:00:07
START STEP5.PHP:  19-10-2019 3:00:07
END STEP5.PHP:  19-10-2019 3:00:07
19-10-2019 3:00:07
START STEP6.PHP:  19-10-2019 3:00:07
END STEP6.PHP:  19-10-2019 3:00:07
19-10-2019 3:00:07
START STEP7.PHP:  19-10-2019 3:00:07
END STEP7.PHP:  19-10-2019 3:00:07
19-10-2019 3:00:07
START STEP8.PHP:  19-10-2019 3:00:07
ERRORS in step8.php FILE step9.php IS NOT STARTED
END STEP8.PHP:  19-10-2019 3:00:07
NOT FIND FILE step9.php
NOT FIND FILE step10.php
NOT FIND FILE step11.php
################################################################################START STEP3.PHP:  19-10-2019 4:00:01
ERRORS in step3.php FILE step4.php IS NOT STARTED
END STEP3.PHP:  19-10-2019 4:00:05
NOT FIND FILE step4.php
NOT FIND FILE step4_4.php
NOT FIND FILE step5_5.php
NOT FIND FILE step5.php
################################################################################START STEP3.PHP:  19-10-2019 4:30:01
ERRORS in step3.php FILE step4.php IS NOT STARTED
END STEP3.PHP:  19-10-2019 4:30:06
NOT FIND FILE step4.php
NOT FIND FILE step4_4.php
NOT FIND FILE step5_5.php
NOT FIND FILE step5.php
################################################################################START STEP3.PHP:  19-10-2019 5:00:02
END STEP3.PHP:  19-10-2019 5:00:10
19-10-2019 5:00:10
START STEP4.PHP:  19-10-2019 5:00:10
END STEP4.PHP:  19-10-2019 5:00:10
19-10-2019 5:00:10
START STEP4_4.PHP:  19-10-2019 5:00:10
END STEP4_4.PHP:  19-10-2019 5:00:10
19-10-2019 5:00:10
START STEP5_5.PHP:  19-10-2019 5:00:10
END STEP5_5.PHP:  19-10-2019 5:00:10
19-10-2019 5:00:10
START STEP5.PHP:  19-10-2019 5:00:10
END STEP5.PHP:  19-10-2019 5:00:10
################################################################################START STEP3.PHP:  19-10-2019 5:30:01
END STEP3.PHP:  19-10-2019 5:30:06
19-10-2019 5:30:06
START STEP4.PHP:  19-10-2019 5:30:06
END STEP4.PHP:  19-10-2019 5:30:06
19-10-2019 5:30:06
START STEP4_4.PHP:  19-10-2019 5:30:06
END STEP4_4.PHP:  19-10-2019 5:30:06
19-10-2019 5:30:06
START STEP5_5.PHP:  19-10-2019 5:30:06
END STEP5_5.PHP:  19-10-2019 5:30:06
19-10-2019 5:30:06
START STEP5.PHP:  19-10-2019 5:30:06
END STEP5.PHP:  19-10-2019 5:30:06
################################################################################START STEP1.PHP:  20-10-2019 2:00:01
END STEP1.PHP:  20-10-2019 2:00:05
20-10-2019 2:00:05
START STEP2.PHP:  20-10-2019 2:00:05
END STEP2.PHP:  20-10-2019 2:00:05
################################################################################START STEP3.PHP:  20-10-2019 3:00:01
END STEP3.PHP:  20-10-2019 3:00:08
20-10-2019 3:00:08
START STEP4.PHP:  20-10-2019 3:00:08
END STEP4.PHP:  20-10-2019 3:00:08
20-10-2019 3:00:08
START STEP4_4.PHP:  20-10-2019 3:00:08
END STEP4_4.PHP:  20-10-2019 3:00:08
20-10-2019 3:00:08
START STEP5_5.PHP:  20-10-2019 3:00:08
END STEP5_5.PHP:  20-10-2019 3:00:08
20-10-2019 3:00:08
START STEP5.PHP:  20-10-2019 3:00:08
END STEP5.PHP:  20-10-2019 3:00:08
20-10-2019 3:00:08
START STEP6.PHP:  20-10-2019 3:00:08
END STEP6.PHP:  20-10-2019 3:00:08
20-10-2019 3:00:08
START STEP7.PHP:  20-10-2019 3:00:08
END STEP7.PHP:  20-10-2019 3:00:08
20-10-2019 3:00:08
START STEP8.PHP:  20-10-2019 3:00:08
ERRORS in step8.php FILE step9.php IS NOT STARTED
END STEP8.PHP:  20-10-2019 3:00:08
NOT FIND FILE step9.php
NOT FIND FILE step10.php
NOT FIND FILE step11.php
################################################################################START STEP3.PHP:  20-10-2019 4:00:01
END STEP3.PHP:  20-10-2019 4:00:09
20-10-2019 4:00:09
START STEP4.PHP:  20-10-2019 4:00:09
END STEP4.PHP:  20-10-2019 4:00:09
20-10-2019 4:00:09
START STEP4_4.PHP:  20-10-2019 4:00:09
END STEP4_4.PHP:  20-10-2019 4:00:09
20-10-2019 4:00:09
START STEP5_5.PHP:  20-10-2019 4:00:09
END STEP5_5.PHP:  20-10-2019 4:00:09
20-10-2019 4:00:09
START STEP5.PHP:  20-10-2019 4:00:09
END STEP5.PHP:  20-10-2019 4:00:09
################################################################################START STEP3.PHP:  20-10-2019 4:30:01
ERRORS in step3.php FILE step4.php IS NOT STARTED
END STEP3.PHP:  20-10-2019 4:30:02
NOT FIND FILE step4.php
NOT FIND FILE step4_4.php
NOT FIND FILE step5_5.php
NOT FIND FILE step5.php
################################################################################START STEP3.PHP:  20-10-2019 5:00:01
END STEP3.PHP:  20-10-2019 5:00:07
20-10-2019 5:00:07
START STEP4.PHP:  20-10-2019 5:00:07
END STEP4.PHP:  20-10-2019 5:00:07
20-10-2019 5:00:07
START STEP4_4.PHP:  20-10-2019 5:00:07
END STEP4_4.PHP:  20-10-2019 5:00:07
20-10-2019 5:00:07
START STEP5_5.PHP:  20-10-2019 5:00:07
END STEP5_5.PHP:  20-10-2019 5:00:07
20-10-2019 5:00:07
START STEP5.PHP:  20-10-2019 5:00:07
END STEP5.PHP:  20-10-2019 5:00:07
################################################################################START STEP3.PHP:  20-10-2019 5:30:01
END STEP3.PHP:  20-10-2019 5:30:05
20-10-2019 5:30:05
START STEP4.PHP:  20-10-2019 5:30:05
END STEP4.PHP:  20-10-2019 5:30:05
20-10-2019 5:30:05
START STEP4_4.PHP:  20-10-2019 5:30:05
END STEP4_4.PHP:  20-10-2019 5:30:05
20-10-2019 5:30:05
START STEP5_5.PHP:  20-10-2019 5:30:05
END STEP5_5.PHP:  20-10-2019 5:30:05
20-10-2019 5:30:05
START STEP5.PHP:  20-10-2019 5:30:05
END STEP5.PHP:  20-10-2019 5:30:05
################################################################################START STEP1.PHP:  21-10-2019 2:00:01
END STEP1.PHP:  21-10-2019 2:00:06
21-10-2019 2:00:06
START STEP2.PHP:  21-10-2019 2:00:06
END STEP2.PHP:  21-10-2019 2:00:06
################################################################################START STEP3.PHP:  21-10-2019 3:00:01
END STEP3.PHP:  21-10-2019 3:00:10
21-10-2019 3:00:10
START STEP4.PHP:  21-10-2019 3:00:10
END STEP4.PHP:  21-10-2019 3:00:10
21-10-2019 3:00:10
START STEP4_4.PHP:  21-10-2019 3:00:10
END STEP4_4.PHP:  21-10-2019 3:00:10
21-10-2019 3:00:10
START STEP5_5.PHP:  21-10-2019 3:00:10
END STEP5_5.PHP:  21-10-2019 3:00:10
21-10-2019 3:00:10
START STEP5.PHP:  21-10-2019 3:00:10
END STEP5.PHP:  21-10-2019 3:00:10
21-10-2019 3:00:10
START STEP6.PHP:  21-10-2019 3:00:10
END STEP6.PHP:  21-10-2019 3:00:10
21-10-2019 3:00:10
START STEP7.PHP:  21-10-2019 3:00:10
END STEP7.PHP:  21-10-2019 3:00:10
21-10-2019 3:00:10
START STEP8.PHP:  21-10-2019 3:00:10
ERRORS in step8.php FILE step9.php IS NOT STARTED
END STEP8.PHP:  21-10-2019 3:00:10
NOT FIND FILE step9.php
NOT FIND FILE step10.php
NOT FIND FILE step11.php
################################################################################START STEP3.PHP:  21-10-2019 4:00:01
END STEP3.PHP:  21-10-2019 4:00:07
21-10-2019 4:00:07
START STEP4.PHP:  21-10-2019 4:00:07
END STEP4.PHP:  21-10-2019 4:00:07
21-10-2019 4:00:07
START STEP4_4.PHP:  21-10-2019 4:00:07
END STEP4_4.PHP:  21-10-2019 4:00:07
21-10-2019 4:00:07
START STEP5_5.PHP:  21-10-2019 4:00:07
END STEP5_5.PHP:  21-10-2019 4:00:07
21-10-2019 4:00:07
START STEP5.PHP:  21-10-2019 4:00:07
END STEP5.PHP:  21-10-2019 4:00:07
################################################################################START STEP3.PHP:  21-10-2019 4:30:01
END STEP3.PHP:  21-10-2019 4:30:04
21-10-2019 4:30:04
START STEP4.PHP:  21-10-2019 4:30:04
END STEP4.PHP:  21-10-2019 4:30:04
21-10-2019 4:30:04
START STEP4_4.PHP:  21-10-2019 4:30:04
END STEP4_4.PHP:  21-10-2019 4:30:04
21-10-2019 4:30:04
START STEP5_5.PHP:  21-10-2019 4:30:04
END STEP5_5.PHP:  21-10-2019 4:30:04
21-10-2019 4:30:04
START STEP5.PHP:  21-10-2019 4:30:04
END STEP5.PHP:  21-10-2019 4:30:04
################################################################################START STEP3.PHP:  21-10-2019 5:00:01
END STEP3.PHP:  21-10-2019 5:00:05
21-10-2019 5:00:05
START STEP4.PHP:  21-10-2019 5:00:05
END STEP4.PHP:  21-10-2019 5:00:05
21-10-2019 5:00:05
START STEP4_4.PHP:  21-10-2019 5:00:05
END STEP4_4.PHP:  21-10-2019 5:00:05
21-10-2019 5:00:05
START STEP5_5.PHP:  21-10-2019 5:00:05
END STEP5_5.PHP:  21-10-2019 5:00:05
21-10-2019 5:00:05
START STEP5.PHP:  21-10-2019 5:00:05
END STEP5.PHP:  21-10-2019 5:00:05
################################################################################START STEP3.PHP:  21-10-2019 5:30:01
END STEP3.PHP:  21-10-2019 5:30:04
21-10-2019 5:30:04
START STEP4.PHP:  21-10-2019 5:30:04
END STEP4.PHP:  21-10-2019 5:30:04
21-10-2019 5:30:04
START STEP4_4.PHP:  21-10-2019 5:30:04
END STEP4_4.PHP:  21-10-2019 5:30:04
21-10-2019 5:30:04
START STEP5_5.PHP:  21-10-2019 5:30:04
END STEP5_5.PHP:  21-10-2019 5:30:04
21-10-2019 5:30:04
START STEP5.PHP:  21-10-2019 5:30:04
END STEP5.PHP:  21-10-2019 5:30:04
################################################################################START STEP1.PHP:  22-10-2019 2:00:01
END STEP1.PHP:  22-10-2019 2:00:05
22-10-2019 2:00:05
START STEP2.PHP:  22-10-2019 2:00:05
END STEP2.PHP:  22-10-2019 2:00:05
################################################################################START STEP3.PHP:  22-10-2019 3:00:01
END STEP3.PHP:  22-10-2019 3:00:05
22-10-2019 3:00:05
START STEP4.PHP:  22-10-2019 3:00:05
END STEP4.PHP:  22-10-2019 3:00:05
22-10-2019 3:00:05
START STEP4_4.PHP:  22-10-2019 3:00:05
END STEP4_4.PHP:  22-10-2019 3:00:05
22-10-2019 3:00:05
START STEP5_5.PHP:  22-10-2019 3:00:05
END STEP5_5.PHP:  22-10-2019 3:00:05
22-10-2019 3:00:05
START STEP5.PHP:  22-10-2019 3:00:05
END STEP5.PHP:  22-10-2019 3:00:05
22-10-2019 3:00:05
START STEP6.PHP:  22-10-2019 3:00:05
END STEP6.PHP:  22-10-2019 3:00:05
22-10-2019 3:00:05
START STEP7.PHP:  22-10-2019 3:00:05
END STEP7.PHP:  22-10-2019 3:00:05
22-10-2019 3:00:05
START STEP8.PHP:  22-10-2019 3:00:05
ERRORS in step8.php FILE step9.php IS NOT STARTED
END STEP8.PHP:  22-10-2019 3:00:05
NOT FIND FILE step9.php
NOT FIND FILE step10.php
NOT FIND FILE step11.php
################################################################################START STEP3.PHP:  22-10-2019 4:00:01
END STEP3.PHP:  22-10-2019 4:00:06
22-10-2019 4:00:06
START STEP4.PHP:  22-10-2019 4:00:06
END STEP4.PHP:  22-10-2019 4:00:06
22-10-2019 4:00:06
START STEP4_4.PHP:  22-10-2019 4:00:06
END STEP4_4.PHP:  22-10-2019 4:00:06
22-10-2019 4:00:06
START STEP5_5.PHP:  22-10-2019 4:00:06
END STEP5_5.PHP:  22-10-2019 4:00:06
22-10-2019 4:00:06
START STEP5.PHP:  22-10-2019 4:00:06
END STEP5.PHP:  22-10-2019 4:00:06
################################################################################START STEP3.PHP:  22-10-2019 4:30:01
END STEP3.PHP:  22-10-2019 4:30:06
22-10-2019 4:30:06
START STEP4.PHP:  22-10-2019 4:30:06
END STEP4.PHP:  22-10-2019 4:30:06
22-10-2019 4:30:06
START STEP4_4.PHP:  22-10-2019 4:30:06
END STEP4_4.PHP:  22-10-2019 4:30:06
22-10-2019 4:30:06
START STEP5_5.PHP:  22-10-2019 4:30:06
END STEP5_5.PHP:  22-10-2019 4:30:06
22-10-2019 4:30:06
START STEP5.PHP:  22-10-2019 4:30:06
END STEP5.PHP:  22-10-2019 4:30:06
################################################################################START STEP3.PHP:  22-10-2019 5:00:01
END STEP3.PHP:  22-10-2019 5:00:05
22-10-2019 5:00:05
START STEP4.PHP:  22-10-2019 5:00:05
END STEP4.PHP:  22-10-2019 5:00:05
22-10-2019 5:00:05
START STEP4_4.PHP:  22-10-2019 5:00:05
END STEP4_4.PHP:  22-10-2019 5:00:05
22-10-2019 5:00:05
START STEP5_5.PHP:  22-10-2019 5:00:05
END STEP5_5.PHP:  22-10-2019 5:00:05
22-10-2019 5:00:05
START STEP5.PHP:  22-10-2019 5:00:05
END STEP5.PHP:  22-10-2019 5:00:05
################################################################################START STEP3.PHP:  22-10-2019 5:30:01
END STEP3.PHP:  22-10-2019 5:30:06
22-10-2019 5:30:06
START STEP4.PHP:  22-10-2019 5:30:06
END STEP4.PHP:  22-10-2019 5:30:06
22-10-2019 5:30:06
START STEP4_4.PHP:  22-10-2019 5:30:06
END STEP4_4.PHP:  22-10-2019 5:30:06
22-10-2019 5:30:06
START STEP5_5.PHP:  22-10-2019 5:30:06
END STEP5_5.PHP:  22-10-2019 5:30:06
22-10-2019 5:30:06
START STEP5.PHP:  22-10-2019 5:30:06
END STEP5.PHP:  22-10-2019 5:30:06
################################################################################START STEP1.PHP:  23-10-2019 2:00:01
END STEP1.PHP:  23-10-2019 2:00:05
23-10-2019 2:00:05
START STEP2.PHP:  23-10-2019 2:00:05
END STEP2.PHP:  23-10-2019 2:00:05
################################################################################START STEP3.PHP:  23-10-2019 3:00:01
ERRORS in step3.php FILE step4.php IS NOT STARTED
END STEP3.PHP:  23-10-2019 3:00:03
NOT FIND FILE step4.php
NOT FIND FILE step4_4.php
NOT FIND FILE step5_5.php
NOT FIND FILE step5.php
NOT FIND FILE step6.php
NOT FIND FILE step7.php
NOT FIND FILE step8.php
NOT FIND FILE step9.php
NOT FIND FILE step10.php
NOT FIND FILE step11.php
################################################################################START STEP3.PHP:  23-10-2019 4:00:01
END STEP3.PHP:  23-10-2019 4:00:06
23-10-2019 4:00:06
START STEP4.PHP:  23-10-2019 4:00:06
END STEP4.PHP:  23-10-2019 4:00:06
23-10-2019 4:00:06
START STEP4_4.PHP:  23-10-2019 4:00:06
END STEP4_4.PHP:  23-10-2019 4:00:06
23-10-2019 4:00:06
START STEP5_5.PHP:  23-10-2019 4:00:06
END STEP5_5.PHP:  23-10-2019 4:00:06
23-10-2019 4:00:06
START STEP5.PHP:  23-10-2019 4:00:06
END STEP5.PHP:  23-10-2019 4:00:06
################################################################################START STEP3.PHP:  23-10-2019 4:30:01
END STEP3.PHP:  23-10-2019 4:30:06
23-10-2019 4:30:06
START STEP4.PHP:  23-10-2019 4:30:06
END STEP4.PHP:  23-10-2019 4:30:06
23-10-2019 4:30:06
START STEP4_4.PHP:  23-10-2019 4:30:06
END STEP4_4.PHP:  23-10-2019 4:30:06
23-10-2019 4:30:06
START STEP5_5.PHP:  23-10-2019 4:30:06
END STEP5_5.PHP:  23-10-2019 4:30:06
23-10-2019 4:30:06
START STEP5.PHP:  23-10-2019 4:30:06
END STEP5.PHP:  23-10-2019 4:30:06
################################################################################START STEP3.PHP:  23-10-2019 5:00:01
ERRORS in step3.php FILE step4.php IS NOT STARTED
END STEP3.PHP:  23-10-2019 5:00:03
NOT FIND FILE step4.php
NOT FIND FILE step4_4.php
NOT FIND FILE step5_5.php
NOT FIND FILE step5.php
################################################################################START STEP3.PHP:  23-10-2019 5:30:01
ERRORS in step3.php FILE step4.php IS NOT STARTED
END STEP3.PHP:  23-10-2019 5:30:02
NOT FIND FILE step4.php
NOT FIND FILE step4_4.php
NOT FIND FILE step5_5.php
NOT FIND FILE step5.php
################################################################################START STEP1.PHP:  24-10-2019 2:00:01
END STEP1.PHP:  24-10-2019 2:00:05
24-10-2019 2:00:05
START STEP2.PHP:  24-10-2019 2:00:05
END STEP2.PHP:  24-10-2019 2:00:05
################################################################################START STEP3.PHP:  24-10-2019 3:00:01
END STEP3.PHP:  24-10-2019 3:00:08
24-10-2019 3:00:08
START STEP4.PHP:  24-10-2019 3:00:08
END STEP4.PHP:  24-10-2019 3:00:08
24-10-2019 3:00:08
START STEP4_4.PHP:  24-10-2019 3:00:08
END STEP4_4.PHP:  24-10-2019 3:00:08
24-10-2019 3:00:08
START STEP5_5.PHP:  24-10-2019 3:00:08
END STEP5_5.PHP:  24-10-2019 3:00:08
24-10-2019 3:00:08
START STEP5.PHP:  24-10-2019 3:00:08
END STEP5.PHP:  24-10-2019 3:00:08
24-10-2019 3:00:08
START STEP6.PHP:  24-10-2019 3:00:08
END STEP6.PHP:  24-10-2019 3:00:08
24-10-2019 3:00:08
START STEP7.PHP:  24-10-2019 3:00:08
END STEP7.PHP:  24-10-2019 3:00:08
24-10-2019 3:00:08
START STEP8.PHP:  24-10-2019 3:00:08
ERRORS in step8.php FILE step9.php IS NOT STARTED
END STEP8.PHP:  24-10-2019 3:00:08
NOT FIND FILE step9.php
NOT FIND FILE step10.php
NOT FIND FILE step11.php
################################################################################START STEP3.PHP:  24-10-2019 4:00:01
ERRORS in step3.php FILE step4.php IS NOT STARTED
END STEP3.PHP:  24-10-2019 4:00:02
NOT FIND FILE step4.php
NOT FIND FILE step4_4.php
NOT FIND FILE step5_5.php
NOT FIND FILE step5.php
################################################################################START STEP3.PHP:  24-10-2019 4:30:01
ERRORS in step3.php FILE step4.php IS NOT STARTED
END STEP3.PHP:  24-10-2019 4:30:02
NOT FIND FILE step4.php
NOT FIND FILE step4_4.php
NOT FIND FILE step5_5.php
NOT FIND FILE step5.php
################################################################################START STEP3.PHP:  24-10-2019 5:00:01
END STEP3.PHP:  24-10-2019 5:00:06
24-10-2019 5:00:06
START STEP4.PHP:  24-10-2019 5:00:06
END STEP4.PHP:  24-10-2019 5:00:06
24-10-2019 5:00:06
START STEP4_4.PHP:  24-10-2019 5:00:06
END STEP4_4.PHP:  24-10-2019 5:00:06
24-10-2019 5:00:06
START STEP5_5.PHP:  24-10-2019 5:00:06
END STEP5_5.PHP:  24-10-2019 5:00:06
24-10-2019 5:00:06
START STEP5.PHP:  24-10-2019 5:00:06
END STEP5.PHP:  24-10-2019 5:00:06
################################################################################START STEP3.PHP:  24-10-2019 5:30:01
END STEP3.PHP:  24-10-2019 5:30:05
24-10-2019 5:30:05
START STEP4.PHP:  24-10-2019 5:30:05
END STEP4.PHP:  24-10-2019 5:30:05
24-10-2019 5:30:05
START STEP4_4.PHP:  24-10-2019 5:30:05
END STEP4_4.PHP:  24-10-2019 5:30:05
24-10-2019 5:30:05
START STEP5_5.PHP:  24-10-2019 5:30:05
END STEP5_5.PHP:  24-10-2019 5:30:05
24-10-2019 5:30:05
START STEP5.PHP:  24-10-2019 5:30:05
END STEP5.PHP:  24-10-2019 5:30:05
